proguard/seeds.txt
com.dayu.autosms.AddsmstaskActivity
com.dayu.autosms.AddsmstaskActivity: AddsmstaskActivity()
com.dayu.autosms.AutoSMSActivity
com.dayu.autosms.AutoSMSActivity: AutoSMSActivity()
com.dayu.autosms.AutoSMSActivity: void onClick(android.view.View)
com.dayu.autosms.ContentSetActivity
com.dayu.autosms.ContentSetActivity: ContentSetActivity()
com.dayu.autosms.ManagercontentplateActivity
com.dayu.autosms.ManagercontentplateActivity: ManagercontentplateActivity()
com.dayu.autosms.ManagertaskActivity
com.dayu.autosms.ManagertaskActivity: ManagertaskActivity()
com.dayu.autosms.R$anim: int abc_fade_in
com.dayu.autosms.R$anim: int abc_fade_out
com.dayu.autosms.R$anim: int abc_slide_in_bottom
com.dayu.autosms.R$anim: int abc_slide_in_top
com.dayu.autosms.R$anim: int abc_slide_out_bottom
com.dayu.autosms.R$anim: int abc_slide_out_top
com.dayu.autosms.R$anim: int ani_loading
com.dayu.autosms.R$attr: int actionBarDivider
com.dayu.autosms.R$attr: int actionBarItemBackground
com.dayu.autosms.R$attr: int actionBarSize
com.dayu.autosms.R$attr: int actionBarSplitStyle
com.dayu.autosms.R$attr: int actionBarStyle
com.dayu.autosms.R$attr: int actionBarTabBarStyle
com.dayu.autosms.R$attr: int actionBarTabStyle
com.dayu.autosms.R$attr: int actionBarTabTextStyle
com.dayu.autosms.R$attr: int actionBarWidgetTheme
com.dayu.autosms.R$attr: int actionButtonStyle
com.dayu.autosms.R$attr: int actionDropDownStyle
com.dayu.autosms.R$attr: int actionLayout
com.dayu.autosms.R$attr: int actionMenuTextAppearance
com.dayu.autosms.R$attr: int actionMenuTextColor
com.dayu.autosms.R$attr: int actionModeBackground
com.dayu.autosms.R$attr: int actionModeCloseButtonStyle
com.dayu.autosms.R$attr: int actionModeCloseDrawable
com.dayu.autosms.R$attr: int actionModeCopyDrawable
com.dayu.autosms.R$attr: int actionModeCutDrawable
com.dayu.autosms.R$attr: int actionModeFindDrawable
com.dayu.autosms.R$attr: int actionModePasteDrawable
com.dayu.autosms.R$attr: int actionModePopupWindowStyle
com.dayu.autosms.R$attr: int actionModeSelectAllDrawable
com.dayu.autosms.R$attr: int actionModeShareDrawable
com.dayu.autosms.R$attr: int actionModeSplitBackground
com.dayu.autosms.R$attr: int actionModeStyle
com.dayu.autosms.R$attr: int actionModeWebSearchDrawable
com.dayu.autosms.R$attr: int actionOverflowButtonStyle
com.dayu.autosms.R$attr: int actionProviderClass
com.dayu.autosms.R$bool: int abc_action_bar_embed_tabs_pre_jb
com.dayu.autosms.R$bool: int abc_action_bar_expanded_action_views_exclusive
com.dayu.autosms.R$bool: int abc_config_actionMenuItemAllCaps
com.dayu.autosms.R$bool: int abc_config_allowActionMenuItemTextWithIcon
com.dayu.autosms.R$bool: int abc_config_showMenuShortcutsWhenKeyboardPresent
com.dayu.autosms.R$bool: int abc_split_action_bar_is_narrow
com.dayu.autosms.R$color: int abc_search_url_text_holo
com.dayu.autosms.R$color: int abc_search_url_text_normal
com.dayu.autosms.R$color: int abc_search_url_text_pressed
com.dayu.autosms.R$color: int abc_search_url_text_selected
...
cn.jiguang.a.a.b.h
cn.jiguang.a.a.b.h: android.net.wifi.WifiManager a
cn.jiguang.a.a.b.h: android.content.Context b
cn.jiguang.a.a.b.h: org.json.JSONArray c
cn.jiguang.a.a.b.h: cn.jiguang.a.a.b.f d
cn.jiguang.a.a.b.h: java.lang.String[] z
cn.jiguang.a.a.b.h: h(android.content.Context,cn.jiguang.a.a.b.f)
cn.jiguang.a.a.b.h: java.util.List a(org.json.JSONArray)
cn.jiguang.a.a.b.h: boolean c()
cn.jiguang.a.a.b.h: void a()
cn.jiguang.a.a.b.h: org.json.JSONArray b()
cn.jiguang.a.a.b.h: void <clinit>()
cn.jiguang.a.a.b.i
cn.jiguang.a.a.b.i: java.lang.String a
cn.jiguang.a.a.b.i: int b
cn.jiguang.a.a.b.i: java.lang.String c
cn.jiguang.a.a.b.i: cn.jiguang.a.a.b.h d
cn.jiguang.a.a.b.i: java.lang.String[] z
cn.jiguang.a.a.b.i: boolean equals(java.lang.Object)
cn.jiguang.a.a.b.i: int hashCode()
cn.jiguang.a.a.b.i: org.json.JSONObject a()
cn.jiguang.a.a.b.i: i(cn.jiguang.a.a.b.h,android.net.wifi.ScanResult)
cn.jiguang.a.a.b.i: i(cn.jiguang.a.a.b.h,java.lang.String,int,java.lang.String)
cn.jiguang.a.a.b.i: java.lang.String toString()
cn.jiguang.a.a.b.i: int compareTo(java.lang.Object)
cn.jiguang.a.a.b.i: void <clinit>()
cn.jiguang.a.a.c.a
cn.jiguang.a.a.c.a: java.lang.String a
cn.jiguang.a.a.c.a: android.content.Context b
cn.jiguang.a.a.c.a: java.lang.Object c
cn.jiguang.a.a.c.a: java.lang.Object d
cn.jiguang.a.a.c.a: java.lang.String[] z
cn.jiguang.a.a.c.a: a(android.content.Context,java.lang.String)
cn.jiguang.a.a.c.a: void run()
cn.jiguang.a.a.c.a: java.util.HashSet a(java.lang.String)
cn.jiguang.a.a.c.a: void a(java.util.HashSet)
cn.jiguang.a.a.c.a: void a(java.util.ArrayList)
cn.jiguang.a.a.c.a: boolean a(android.content.Context,java.lang.String)
cn.jiguang.a.a.c.a: java.lang.String a(android.content.Context)
cn.jiguang.a.a.c.a: void <clinit>()
cn.jiguang.a.a.c.b
cn.jiguang.a.a.c.b: java.lang.String a
cn.jiguang.a.a.c.b: java.util.Map b
cn.jiguang.a.a.c.b: java.lang.String[] z
cn.jiguang.a.a.c.b: b()
cn.jiguang.a.a.c.b: java.util.Map a(android.content.Context)
cn.jiguang.a.a.c.b: java.lang.String b(android.content.Context)
cn.jiguang.a.a.c.b: void a(android.content.Context,java.lang.String)
cn.jiguang.a.a.c.b: boolean b(java.util.Map,java.util.Map)
cn.jiguang.a.a.c.b: void c(android.content.Context)
cn.jiguang.a.a.c.b: java.util.Map a()
cn.jiguang.a.a.c.b: boolean a(java.util.Map,java.util.Map)
cn.jiguang.a.a.c.b: java.util.Map a(java.util.Map)
cn.jiguang.a.a.c.b: void a(android.content.Context,java.util.Map)
cn.jiguang.a.a.c.b: void <clinit>()
cn.jiguang.a.a.c.c
cn.jiguang.a.a.c.c: java.util.Map a
cn.jiguang.a.a.c.c: android.content.Context b
cn.jiguang.a.a.c.c: java.lang.String z
cn.jiguang.a.a.c.c: c(java.util.Map,android.content.Context)
cn.jiguang.a.a.c.c: void a(int)
cn.jiguang.a.a.c.c: void <clinit>()
cn.jiguang.a.a.c.d
cn.jiguang.a.a.c.d: java.lang.String[] z
cn.jiguang.a.a.c.d: java.lang.String[] a(android.content.Context)
cn.jiguang.a.a.c.d: java.util.ArrayList a(android.content.Context,boolean)
cn.jiguang.a.a.c.d: org.json.JSONArray b(android.content.Context)
cn.jiguang.a.a.c.d: void <clinit>()