proguard/mapping.txt
com.dayu.autosms.AddsmstaskActivity -> com.dayu.autosms.AddsmstaskActivity:
    android.widget.EditText edt_showcontent -> e
    android.widget.EditText edt_newtaskname -> f
    android.widget.ListView lv_chooseplate -> g
    android.widget.TextView tv_contentplatename -> h
    java.lang.String mfilePath -> i
    java.lang.String msavefilepath -> j
    java.lang.String ROOT -> k
    int contentplateid -> l
    android.database.Cursor m_Cursor -> a
    java.util.List platename -> m
    java.util.List plateid -> n
    java.util.List platecontent -> o
    com.dayu.autosms.AddsmstaskActivity$platelistadapter m_datasetadpter -> p
    android.view.LayoutInflater mInflater -> q
    com.dayu.autosms.c.DBHelper sqldb -> b
    com.dayu.autosms.m.SmsTask m_SmsTask -> c
    com.dayu.autosms.c.ContactPicker picker -> d
    void onCreate(android.os.Bundle) -> onCreate
    void update_dataset() -> a
    void pickFile() -> b
    void pickContact() -> c
    void showfiledialog(java.lang.String) -> c
    void createdir(java.lang.String) -> a
    android.view.LayoutInflater access$0(com.dayu.autosms.AddsmstaskActivity) -> a
    java.util.List access$1(com.dayu.autosms.AddsmstaskActivity) -> b
    java.util.List access$2(com.dayu.autosms.AddsmstaskActivity) -> c
    android.widget.EditText access$3() -> d
    android.widget.TextView access$4() -> e
    java.lang.String access$5() -> f
    int access$6() -> g
    android.widget.ListView access$7() -> h
com.dayu.autosms.AddsmstaskActivity$1 -> com.dayu.autosms.a:
    com.dayu.autosms.AddsmstaskActivity this$0 -> a
    android.widget.Button val$btn_selectsmsplate -> b
    void onClick(android.view.View) -> onClick
    com.dayu.autosms.AddsmstaskActivity access$0(com.dayu.autosms.AddsmstaskActivity$1) -> a
com.dayu.autosms.AddsmstaskActivity$1$1 -> com.dayu.autosms.b:
    com.dayu.autosms.AddsmstaskActivity$1 this$1 -> a
    void onClick(android.content.DialogInterface,int) -> onClick
com.dayu.autosms.AddsmstaskActivity$2 -> com.dayu.autosms.c:
    com.dayu.autosms.AddsmstaskActivity this$0 -> a
    void onItemClick(android.widget.AdapterView,android.view.View,int,long) -> onItemClick
com.dayu.autosms.AddsmstaskActivity$3 -> com.dayu.autosms.d:
    com.dayu.autosms.AddsmstaskActivity this$0 -> a
    void onPickEvent(java.lang.String) -> a
com.dayu.autosms.AddsmstaskActivity$4 -> com.dayu.autosms.e:
    com.dayu.autosms.AddsmstaskActivity this$0 -> a
    void onPickEvent(java.util.List) -> a
com.dayu.autosms.AddsmstaskActivity$5 -> com.dayu.autosms.f:
    com.dayu.autosms.AddsmstaskActivity this$0 -> a
    void onClick(android.content.DialogInterface,int) -> onClick
com.dayu.autosms.AddsmstaskActivity$platelistadapter -> com.dayu.autosms.g:
    com.dayu.autosms.AddsmstaskActivity this$0 -> a
    android.view.View getView(int,android.view.View,android.view.ViewGroup) -> getView
    long getItemId(int) -> getItemId
    java.lang.Object getItem(int) -> getItem
    int getCount() -> getCount
com.dayu.autosms.AddsmstaskActivity$platelistadapter$ViewHolder -> com.dayu.autosms.h:
    android.widget.TextView contenplatename -> a
    com.dayu.autosms.AddsmstaskActivity$platelistadapter this$1 -> b
...
cn.jiguang.a.a.c.f -> cn.jiguang.a.a.c.f:
    cn.jiguang.a.a.c.e a -> a
    java.lang.String[] z -> z
    void run() -> run
    void a(int) -> a
cn.jiguang.a.a.c.g -> cn.jiguang.a.a.c.g:
    java.lang.String a -> a
    java.lang.String b -> b
    java.lang.String c -> c
    int d -> d
    java.lang.String toString() -> toString
cn.jiguang.a.a.c.h -> cn.jiguang.a.a.c.h:
    java.util.concurrent.ExecutorService a -> a
    java.lang.Object b -> b
    java.util.concurrent.atomic.AtomicInteger c -> c
    java.lang.String d -> d
    java.lang.String e -> e
    java.lang.String f -> f
    android.content.Context g -> g
    int h -> h
    java.lang.String i -> i
    java.net.CookieManager j -> j
    java.lang.String[] z -> z
    void a(android.content.Context) -> a
    void run() -> run
    java.lang.String a(java.util.TreeMap) -> a
    java.lang.String b(java.lang.String) -> b
    org.json.JSONObject c(java.lang.String) -> c
    java.lang.String a(int) -> a
    boolean a(java.lang.String,java.lang.String,java.lang.String) -> a
    java.lang.String a(java.lang.String,cn.jiguang.a.a.c.i) -> a
    java.lang.String d(java.lang.String) -> d
    void e(java.lang.String) -> e
    boolean a(android.content.Context,cn.jiguang.a.a.c.i) -> a
    java.lang.String f(java.lang.String) -> f
    void a(java.util.Map) -> a
    cn.jiguang.a.a.c.i a(android.content.Context,java.lang.String,int,long,boolean,java.io.File,java.lang.String) -> a
    java.lang.String b(android.content.Context) -> b
    int a(java.lang.String) -> a
cn.jiguang.a.a.c.i -> cn.jiguang.a.a.c.i:
    int a -> a
    java.lang.String b -> b
    java.util.Map c -> c
cn.jiguang.a.a.c.j -> cn.jiguang.a.a.c.j:
    java.lang.String a -> a
    java.lang.String[] z -> z
    java.util.Set a(android.app.ActivityManager) -> a
    org.json.JSONArray a(android.app.ActivityManager,android.content.pm.PackageManager) -> a
    java.lang.String a(java.lang.String,int) -> a
    void a(android.content.Context) -> a
cn.jiguang.a.a.d.a -> cn.jiguang.a.a.d.a:
    java.lang.String a -> a
    long b -> b
cn.jiguang.a.a.d.a.a -> cn.jiguang.a.a.d.a.a:
    boolean a -> a
    cn.jiguang.a.a.d.a.a b -> b
    java.lang.Object c -> c
    java.lang.String[] z -> z
    cn.jiguang.a.a.d.a.a a() -> a
    void a(android.content.Context) -> a
cn.jiguang.a.a.d.a.a.a -> cn.jiguang.a.a.d.a.a.a:
    java.lang.Object a -> a
    java.lang.Class b -> b
    java.lang.String[] z -> z
    java.lang.Object a() -> a
    java.lang.Class b() -> b
    java.lang.Object c() -> c
    java.lang.Object a(java.lang.Object) -> a
cn.jiguang.a.a.d.a.a.b -> cn.jiguang.a.a.d.a.a.b:
    java.lang.Object a -> a
    java.lang.String z -> z
    void run() -> run
cn.jiguang.a.a.d.a.a.c -> cn.jiguang.a.a.d.a.a.c:
    boolean a -> a
    java.lang.String[] z -> z
    void a(android.content.Context) -> a
cn.jiguang.a.a.d.a.a.d -> cn.jiguang.a.a.d.a.a.d:
    android.app.Instrumentation a -> a
    android.content.Context b -> b
    boolean c -> c
    java.lang.String[] z -> z
    void a(boolean) -> a
    void callActivityOnResume(android.app.Activity) -> callActivityOnResume
    void callActivityOnPause(android.app.Activity) -> callActivityOnPause
    void callActivityOnCreate(android.app.Activity,android.os.Bundle) -> callActivityOnCreate
    void callActivityOnRestart(android.app.Activity) -> callActivityOnRestart