proguard/usage.txt
com.dayu.autosms.AddsmstaskActivity:
    static final java.lang.String TAG
    217:219:void copydbfile()
    453:494:public void readAllContacts_test()
com.dayu.autosms.AutoSMSActivity:
    static final java.lang.String TAG
    private static final int DOWNLOAD_ING
    private static final int DOWNLOAD_FINISH
    464:485:public boolean bijiaotime(java.lang.String,java.lang.String)
com.dayu.autosms.BuildConfig
com.dayu.autosms.ContentSetActivity:
    static final java.lang.String TAG
    private static final int REG_OK
    private static final int REG_EXITS
    private static final int REG_FAIL
    private static final int REG_BACKLIST
    java.lang.String serialid
    311:397:private void Register()
    309:309:static synthetic void access$0(com.dayu.autosms.ContentSetActivity)
com.dayu.autosms.ContentSetActivity$doreg
com.dayu.autosms.ManagercontentplateActivity:
    static final java.lang.String TAG
    static java.text.SimpleDateFormat nowtime
com.dayu.autosms.ManagertaskActivity:
    static final java.lang.String TAG
com.dayu.autosms.Manifest
com.dayu.autosms.Manifest$permission
com.dayu.autosms.R
com.dayu.autosms.R$anim
com.dayu.autosms.R$attr
com.dayu.autosms.R$bool
com.dayu.autosms.R$color
com.dayu.autosms.R$dimen
com.dayu.autosms.R$drawable
com.dayu.autosms.R$id
com.dayu.autosms.R$integer
com.dayu.autosms.R$layout
com.dayu.autosms.R$menu
com.dayu.autosms.R$string
com.dayu.autosms.R$style
com.dayu.autosms.R$styleable
com.dayu.autosms.SetActivity:
    static final java.lang.String TAG
com.dayu.autosms.StartSMStaskActivity:
    static final java.lang.String TAG
    android.app.PendingIntent deliverPI
    1028:1039:public static java.lang.String getFromBase64(java.lang.String)
com.dayu.autosms.WebActivity:
    static final java.lang.String TAG
com.dayu.autosms.c.ContactPicker:
    static final java.lang.String TAG
    android.widget.SimpleAdapter simpleAdapter
com.dayu.autosms.c.ContactPicker$ContactLvAdapter:
    293:293:public int getSelectedIndex()
com.dayu.autosms.c.DBHelper:
    private static final java.lang.String DB_NAME
    private static final int DB_VERSION
    private static final java.lang.String CREATE_smstask
    private static final java.lang.String CREATE_contentplate
    private static final java.lang.String CREATE_config
    private static final java.lang.String insert_config
    140:143:public android.database.Cursor query_count()
    269:300:public static void copyDataBaseToSD(java.lang.String)
com.dayu.autosms.c.FolderFilePicker:
    static final java.lang.String TAG
    android.widget.SimpleAdapter simpleAdapter
com.dayu.autosms.c.GernatorSMSText:
    static final java.lang.String TAG
    7:7:public GernatorSMSText()
    26:35:public static java.lang.String sqliteEscape(java.lang.String)
com.dayu.autosms.c.Getnowtime:
    static final java.lang.String TAG
    java.text.SimpleDateFormat nowtime
com.dayu.autosms.c.Showresult
com.dayu.autosms.dummy.DummyContent
com.dayu.autosms.dummy.DummyContent$DummyItem
com.dayu.autosms.dummy.ThreeDES
com.dayu.autosms.m.SmsBase:
    java.lang.String[] sms_extendinfo
    21:22:public void setSms_sendphone(java.lang.String)
    29:30:public void setSms_sendtext(java.lang.String)
    34:35:public void setSms_extendinfo(java.lang.String[])
    40:40:public java.lang.String[] getSms_extendinfo()
com.dayu.autosms.m.SmsTask:
    java.lang.String TaskEndtime
    93:93:public java.lang.String getPlatename()
com.dayu.autosms.m.SmsTaskQuery:
    static final java.lang.String TAG
...
android.support.v4.net.ConnectivityManagerCompat$HoneycombMR2ConnectivityManagerCompatImpl
android.support.v4.net.ConnectivityManagerCompat$JellyBeanConnectivityManagerCompatImpl
android.support.v4.net.ConnectivityManagerCompatGingerbread
android.support.v4.net.ConnectivityManagerCompatHoneycombMR2
android.support.v4.net.ConnectivityManagerCompatJellyBean
android.support.v4.net.TrafficStatsCompat
android.support.v4.net.TrafficStatsCompat$1
android.support.v4.net.TrafficStatsCompat$BaseTrafficStatsCompatImpl
android.support.v4.net.TrafficStatsCompat$BaseTrafficStatsCompatImpl$1
android.support.v4.net.TrafficStatsCompat$BaseTrafficStatsCompatImpl$SocketTags
android.support.v4.net.TrafficStatsCompat$IcsTrafficStatsCompatImpl
android.support.v4.net.TrafficStatsCompat$TrafficStatsCompatImpl
android.support.v4.net.TrafficStatsCompatIcs
android.support.v4.os.EnvironmentCompat
android.support.v4.os.EnvironmentCompatKitKat
android.support.v4.os.ParcelableCompat
android.support.v4.os.ParcelableCompat$CompatCreator
android.support.v4.os.ParcelableCompatCreatorCallbacks
android.support.v4.os.ParcelableCompatCreatorHoneycombMR2
android.support.v4.os.ParcelableCompatCreatorHoneycombMR2Stub
android.support.v4.print.PrintHelper
android.support.v4.print.PrintHelper$1
android.support.v4.print.PrintHelper$PrintHelperKitkatImpl
android.support.v4.print.PrintHelper$PrintHelperStubImpl
android.support.v4.print.PrintHelper$PrintHelperVersionImpl
android.support.v4.print.PrintHelperKitkat
android.support.v4.print.PrintHelperKitkat$1
android.support.v4.text.BidiFormatter
android.support.v4.text.BidiFormatter$1
android.support.v4.text.BidiFormatter$Builder
android.support.v4.text.BidiFormatter$DirectionalityEstimator
android.support.v4.text.ICUCompat
android.support.v4.text.ICUCompat$ICUCompatImpl
android.support.v4.text.ICUCompat$ICUCompatImplBase
android.support.v4.text.ICUCompat$ICUCompatImplIcs
android.support.v4.text.ICUCompatIcs
android.support.v4.text.TextDirectionHeuristicCompat
android.support.v4.text.TextDirectionHeuristicsCompat
android.support.v4.text.TextDirectionHeuristicsCompat$1
android.support.v4.text.TextDirectionHeuristicsCompat$AnyStrong
android.support.v4.text.TextDirectionHeuristicsCompat$FirstStrong
android.support.v4.text.TextDirectionHeuristicsCompat$TextDirectionAlgorithm
android.support.v4.text.TextDirectionHeuristicsCompat$TextDirectionHeuristicImpl
android.support.v4.text.TextDirectionHeuristicsCompat$TextDirectionHeuristicInternal
android.support.v4.text.TextDirectionHeuristicsCompat$TextDirectionHeuristicLocale
android.support.v4.text.TextUtilsCompat
android.support.v4.util.ArrayMap
android.support.v4.util.ArrayMap$1
android.support.v4.util.AtomicFile
android.support.v4.util.ContainerHelpers
android.support.v4.util.DebugUtils
android.support.v4.util.LogWriter
android.support.v4.util.LongSparseArray
android.support.v4.util.LruCache
android.support.v4.util.MapCollections
android.support.v4.util.MapCollections$ArrayIterator
android.support.v4.util.MapCollections$EntrySet
android.support.v4.util.MapCollections$KeySet
android.support.v4.util.MapCollections$MapIterator
android.support.v4.util.MapCollections$ValuesCollection
android.support.v4.util.SimpleArrayMap
android.support.v4.util.SparseArrayCompat
android.support.v4.util.TimeUtils
android.support.v4.view.AccessibilityDelegateCompat
android.support.v4.view.AccessibilityDelegateCompat$AccessibilityDelegateIcsImpl
android.support.v4.view.AccessibilityDelegateCompat$AccessibilityDelegateIcsImpl$1
android.support.v4.view.AccessibilityDelegateCompat$AccessibilityDelegateImpl
android.support.v4.view.AccessibilityDelegateCompat$AccessibilityDelegateJellyBeanImpl
android.support.v4.view.AccessibilityDelegateCompat$AccessibilityDelegateJellyBeanImpl$1
android.support.v4.view.AccessibilityDelegateCompat$AccessibilityDelegateStubImpl
android.support.v4.view.AccessibilityDelegateCompatIcs